<?xml version="1.0" encoding="UTF-8"?>
<coverage generated="1601232812414" clover="3.2.0">
  <project timestamp="1601232812414" name="All files">
    <metrics statements="6" coveredstatements="6" conditionals="1" coveredconditionals="1" methods="7" coveredmethods="7" elements="14" coveredelements="14" complexity="0" loc="6" ncloc="6" packages="1" files="1" classes="1"/>
    <file name="addUniqueSearchService.js" path="C:\Users\Roma-study\Desktop\fullstack\server\services\addUniqueSearchService.js">
      <metrics statements="6" coveredstatements="6" conditionals="1" coveredconditionals="1" methods="7" coveredmethods="7"/>
      <line num="2" count="139" type="stmt"/>
      <line num="6" count="40" type="stmt"/>
      <line num="10" count="30" type="stmt"/>
      <line num="11" count="10" type="stmt"/>
      <line num="12" count="29" type="stmt"/>
      <line num="15" count="1" type="stmt"/>
    </file>
  </project>
</coverage>
