{"C:\\Users\\Roma-study\\Desktop\\fullstack\\server\\services\\addUniqueSearchService.js": {"path":"C:\\Users\\Roma-study\\Desktop\\fullstack\\server\\services\\addUniqueSearchService.js","statementMap":{"0":{"start":{"line":2,"column":4},"end":{"line":2,"column":85}},"1":{"start":{"line":2,"column":34},"end":{"line":2,"column":39}},"2":{"start":{"line":2,"column":52},"end":{"line":2,"column":69}},"3":{"start":{"line":6,"column":4},"end":{"line":6,"column":95}},"4":{"start":{"line":10,"column":21},"end":{"line":10,"column":93}},"5":{"start":{"line":10,"column":43},"end":{"line":10,"column":92}},"6":{"start":{"line":11,"column":25},"end":{"line":11,"column":68}},"7":{"start":{"line":12,"column":4},"end":{"line":12,"column":55}},"8":{"start":{"line":12,"column":33},"end":{"line":12,"column":53}},"9":{"start":{"line":15,"column":0},"end":{"line":15,"column":32}}},"fnMap":{"0":{"name":"formatSearchTags","decl":{"start":{"line":1,"column":9},"end":{"line":1,"column":25}},"loc":{"start":{"line":1,"column":36},"end":{"line":3,"column":1}},"line":1},"1":{"name":"(anonymous_1)","decl":{"start":{"line":2,"column":27},"end":{"line":2,"column":28}},"loc":{"start":{"line":2,"column":34},"end":{"line":2,"column":39}},"line":2},"2":{"name":"(anonymous_2)","decl":{"start":{"line":2,"column":45},"end":{"line":2,"column":46}},"loc":{"start":{"line":2,"column":52},"end":{"line":2,"column":69}},"line":2},"3":{"name":"generateUniqueKey","decl":{"start":{"line":5,"column":9},"end":{"line":5,"column":26}},"loc":{"start":{"line":5,"column":53},"end":{"line":7,"column":1}},"line":5},"4":{"name":"uniqueSearch","decl":{"start":{"line":9,"column":9},"end":{"line":9,"column":21}},"loc":{"start":{"line":9,"column":65},"end":{"line":13,"column":1}},"line":9},"5":{"name":"(anonymous_5)","decl":{"start":{"line":10,"column":38},"end":{"line":10,"column":39}},"loc":{"start":{"line":10,"column":43},"end":{"line":10,"column":92}},"line":10},"6":{"name":"(anonymous_6)","decl":{"start":{"line":12,"column":26},"end":{"line":12,"column":27}},"loc":{"start":{"line":12,"column":33},"end":{"line":12,"column":53}},"line":12}},"branchMap":{"0":{"loc":{"start":{"line":9,"column":49},"end":{"line":9,"column":63}},"type":"default-arg","locations":[{"start":{"line":9,"column":61},"end":{"line":9,"column":63}}],"line":9}},"s":{"0":80,"1":139,"2":132,"3":40,"4":10,"5":30,"6":10,"7":10,"8":29,"9":1},"f":{"0":80,"1":139,"2":132,"3":40,"4":10,"5":30,"6":29},"b":{"0":[1]},"_coverageSchema":"43e27e138ebf9cfc5966b082cf9a028302ed4184","hash":"4a34defd77b94dffd5b105e0594a20e011f74346"}
}
