TN:
SF:C:\Users\Roma-study\Desktop\fullstack\server\services\addUniqueSearchService.js
FN:1,formatSearchTags
FN:2,(anonymous_1)
FN:2,(anonymous_2)
FN:5,generateUniqueKey
FN:9,uniqueSearch
FN:10,(anonymous_5)
FN:12,(anonymous_6)
FNF:7
FNH:7
FNDA:80,formatSearchTags
FNDA:139,(anonymous_1)
FNDA:132,(anonymous_2)
FNDA:40,generateUniqueKey
FNDA:10,uniqueSearch
FNDA:30,(anonymous_5)
FNDA:29,(anonymous_6)
DA:2,139
DA:6,40
DA:10,30
DA:11,10
DA:12,29
DA:15,1
LF:6
LH:6
BRDA:9,0,0,1
BRF:1
BRH:1
end_of_record
